<?xml version="1.0" encoding="UTF-8"?>
<!-- Generated by org.testng.reporters.JUnitXMLReporter -->
<testsuite ignored="0" hostname="DESKTOP-QHH27IA" failures="0" tests="1" name="SigninPageTest" time="3.084" errors="0" timestamp="22 Jul 2021 12:39:19 GMT">
  <testcase classname="com.bookmyshow.baseclass.BaseTest" name="@BeforeClass openBrowser" time="3.008">
    <failure type="java.lang.NullPointerException" message="Cannot invoke &amp;quot;org.openqa.selenium.WebDriver.manage()&amp;quot; because &amp;quot;this.driver&amp;quot; is null">
      <![CDATA[java.lang.NullPointerException: Cannot invoke "org.openqa.selenium.WebDriver.manage()" because "this.driver" is null
at com.bookmyshow.baseclass.BaseTest.invokeBrowser(BaseTest.java:89)
at com.bookmyshow.baseclass.BaseTest.openBrowser(BaseTest.java:112)
at java.base/java.util.concurrent.FutureTask.run(FutureTask.java:264)
at java.base/java.util.concurrent.ThreadPoolExecutor.runWorker(ThreadPoolExecutor.java:1130)
at java.base/java.util.concurrent.ThreadPoolExecutor$Worker.run(ThreadPoolExecutor.java:630)
at java.base/java.lang.Thread.run(Thread.java:832)
... Removed 17 stack frames]]>
    </failure>
  </testcase> <!-- @BeforeClass openBrowser -->
  <testcase classname="com.bookmyshow.baseclass.BaseTest" name="@BeforeClass openBrowser" time="2.963">
    <failure type="java.lang.NullPointerException" message="Cannot invoke &amp;quot;org.openqa.selenium.WebDriver.manage()&amp;quot; because &amp;quot;this.driver&amp;quot; is null">
      <![CDATA[java.lang.NullPointerException: Cannot invoke "org.openqa.selenium.WebDriver.manage()" because "this.driver" is null
at com.bookmyshow.baseclass.BaseTest.invokeBrowser(BaseTest.java:89)
at com.bookmyshow.baseclass.BaseTest.openBrowser(BaseTest.java:112)
at java.base/java.util.concurrent.FutureTask.run(FutureTask.java:264)
at java.base/java.util.concurrent.ThreadPoolExecutor.runWorker(ThreadPoolExecutor.java:1130)
at java.base/java.util.concurrent.ThreadPoolExecutor$Worker.run(ThreadPoolExecutor.java:630)
at java.base/java.lang.Thread.run(Thread.java:832)
... Removed 17 stack frames]]>
    </failure>
  </testcase> <!-- @BeforeClass openBrowser -->
  <testcase classname="com.bookmyshow.baseclass.BaseTest" name="@AfterClass flushReport" time="0.0">
    <skipped/>
  </testcase> <!-- @AfterClass flushReport -->
  <testcase classname="com.bookmyshow.baseclass.BaseTest" name="@AfterClass flushReport" time="0.0">
    <skipped/>
  </testcase> <!-- @AfterClass flushReport -->
  <testcase classname="com.bookmyshow.testcases.SignInTest" name="singinPageTest" time="0.0">
    <skipped/>
  </testcase> <!-- singinPageTest -->
</testsuite> <!-- SigninPageTest -->
